<?xml version="1.0" encoding="UTF-8"?>
<testExecutions version="1">
  <file path="D:\odastudio\odastudio\test\controller\controller.test.ts">
    <testCase name="Controller Tests should getUser" duration="29506">
      <failure message="TypeError: Cannot read property &apos;getUser&apos; of undefined"><![CDATA[TypeError: Cannot read property 'getUser' of undefined
    at UserController.getUser (D:\odastudio\odastudio\src\main\controller\user.controller.ts:16:25)
    at Object.<anonymous> (D:\odastudio\odastudio\test\controller\controller.test.ts:15:40)
    at Promise.then.completed (D:\odastudio\odastudio\node_modules\jest-circus\build\utils.js:391:28)
    at new Promise (<anonymous>)
    at callAsyncCircusFn (D:\odastudio\odastudio\node_modules\jest-circus\build\utils.js:316:10)
    at _callCircusTest (D:\odastudio\odastudio\node_modules\jest-circus\build\run.js:218:40)
    at _runTest (D:\odastudio\odastudio\node_modules\jest-circus\build\run.js:155:3)
    at _runTestsForDescribeBlock (D:\odastudio\odastudio\node_modules\jest-circus\build\run.js:66:9)
    at _runTestsForDescribeBlock (D:\odastudio\odastudio\node_modules\jest-circus\build\run.js:60:9)
    at run (D:\odastudio\odastudio\node_modules\jest-circus\build\run.js:25:3)]]></failure>
    </testCase>
  </file>
</testExecutions>